<?xml version="1.0" encoding="UTF-8"?>
<!-- Generated by org.testng.reporters.JUnitReportReporter -->
<testsuite hostname="Rajeshs-MacBook-Pro.local" failures="0" tests="1" name="com.RestAssuredPractice.AppTest" time="0.017" errors="0" timestamp="2020-09-15T21:39:05 IST" skipped="0">
  <testcase classname="com.RestAssuredPractice.AppTest" name="shouldAnswerWithTrue" time="0.017"/>
  <system-out/>
</testsuite> <!-- com.RestAssuredPractice.AppTest -->
